{"E:\\AtypikHouse-main\\api\\controllers\\adminController.js": {"path":"E:\\AtypikHouse-main\\api\\controllers\\adminController.js","statementMap":{"0":{"start":{"line":1,"column":13},"end":{"line":1,"column":38}},"1":{"start":{"line":4,"column":0},"end":{"line":17,"column":2}},"2":{"start":{"line":5,"column":2},"end":{"line":16,"column":3}},"3":{"start":{"line":6,"column":38},"end":{"line":6,"column":46}},"4":{"start":{"line":7,"column":17},"end":{"line":7,"column":67}},"5":{"start":{"line":8,"column":4},"end":{"line":8,"column":22}},"6":{"start":{"line":9,"column":4},"end":{"line":9,"column":56}},"7":{"start":{"line":11,"column":4},"end":{"line":15,"column":7}},"8":{"start":{"line":19,"column":0},"end":{"line":40,"column":2}},"9":{"start":{"line":20,"column":2},"end":{"line":39,"column":3}},"10":{"start":{"line":21,"column":19},"end":{"line":21,"column":29}},"11":{"start":{"line":22,"column":28},"end":{"line":22,"column":36}},"12":{"start":{"line":24,"column":24},"end":{"line":28,"column":5}},"13":{"start":{"line":30,"column":4},"end":{"line":32,"column":5}},"14":{"start":{"line":31,"column":6},"end":{"line":31,"column":65}},"15":{"start":{"line":34,"column":4},"end":{"line":36,"column":73}},"16":{"start":{"line":38,"column":4},"end":{"line":38,"column":68}},"17":{"start":{"line":43,"column":0},"end":{"line":58,"column":2}},"18":{"start":{"line":44,"column":17},"end":{"line":44,"column":27}},"19":{"start":{"line":45,"column":19},"end":{"line":45,"column":27}},"20":{"start":{"line":47,"column":2},"end":{"line":57,"column":3}},"21":{"start":{"line":48,"column":17},"end":{"line":48,"column":74}},"22":{"start":{"line":49,"column":4},"end":{"line":53,"column":5}},"23":{"start":{"line":50,"column":6},"end":{"line":52,"column":61}},"24":{"start":{"line":54,"column":4},"end":{"line":54,"column":56}},"25":{"start":{"line":56,"column":4},"end":{"line":56,"column":79}},"26":{"start":{"line":60,"column":0},"end":{"line":72,"column":2}},"27":{"start":{"line":61,"column":2},"end":{"line":71,"column":3}},"28":{"start":{"line":62,"column":19},"end":{"line":62,"column":29}},"29":{"start":{"line":63,"column":4},"end":{"line":63,"column":37}},"30":{"start":{"line":64,"column":4},"end":{"line":64,"column":77}},"31":{"start":{"line":66,"column":4},"end":{"line":70,"column":7}},"32":{"start":{"line":75,"column":14},"end":{"line":75,"column":40}},"33":{"start":{"line":77,"column":18},"end":{"line":84,"column":1}},"34":{"start":{"line":86,"column":0},"end":{"line":108,"column":2}},"35":{"start":{"line":87,"column":2},"end":{"line":107,"column":3}},"36":{"start":{"line":88,"column":19},"end":{"line":88,"column":37}},"37":{"start":{"line":89,"column":21},"end":{"line":89,"column":75}},"38":{"start":{"line":89,"column":53},"end":{"line":89,"column":73}},"39":{"start":{"line":92,"column":4},"end":{"line":97,"column":7}},"40":{"start":{"line":93,"column":6},"end":{"line":96,"column":9}},"41":{"start":{"line":94,"column":21},"end":{"line":94,"column":71}},"42":{"start":{"line":94,"column":43},"end":{"line":94,"column":58}},"43":{"start":{"line":95,"column":8},"end":{"line":95,"column":59}},"44":{"start":{"line":99,"column":4},"end":{"line":102,"column":7}},"45":{"start":{"line":101,"column":47},"end":{"line":101,"column":63}},"46":{"start":{"line":104,"column":4},"end":{"line":106,"column":70}},"47":{"start":{"line":110,"column":0},"end":{"line":122,"column":2}},"48":{"start":{"line":111,"column":2},"end":{"line":121,"column":3}},"49":{"start":{"line":112,"column":21},"end":{"line":112,"column":29}},"50":{"start":{"line":113,"column":18},"end":{"line":113,"column":39}},"51":{"start":{"line":114,"column":4},"end":{"line":114,"column":27}},"52":{"start":{"line":115,"column":4},"end":{"line":115,"column":23}},"53":{"start":{"line":116,"column":4},"end":{"line":116,"column":63}},"54":{"start":{"line":118,"column":4},"end":{"line":120,"column":70}},"55":{"start":{"line":124,"column":0},"end":{"line":136,"column":2}},"56":{"start":{"line":125,"column":2},"end":{"line":135,"column":3}},"57":{"start":{"line":126,"column":21},"end":{"line":126,"column":31}},"58":{"start":{"line":127,"column":18},"end":{"line":127,"column":39}},"59":{"start":{"line":128,"column":4},"end":{"line":128,"column":62}},"60":{"start":{"line":128,"column":47},"end":{"line":128,"column":60}},"61":{"start":{"line":129,"column":4},"end":{"line":129,"column":23}},"62":{"start":{"line":130,"column":4},"end":{"line":130,"column":63}},"63":{"start":{"line":132,"column":4},"end":{"line":134,"column":70}},"64":{"start":{"line":141,"column":0},"end":{"line":150,"column":2}},"65":{"start":{"line":142,"column":2},"end":{"line":149,"column":3}},"66":{"start":{"line":143,"column":19},"end":{"line":143,"column":37}},"67":{"start":{"line":144,"column":4},"end":{"line":144,"column":58}},"68":{"start":{"line":146,"column":4},"end":{"line":148,"column":77}},"69":{"start":{"line":153,"column":0},"end":{"line":169,"column":2}},"70":{"start":{"line":154,"column":2},"end":{"line":168,"column":3}},"71":{"start":{"line":155,"column":21},"end":{"line":155,"column":40}},"72":{"start":{"line":156,"column":23},"end":{"line":156,"column":44}},"73":{"start":{"line":157,"column":4},"end":{"line":161,"column":7}},"74":{"start":{"line":163,"column":4},"end":{"line":167,"column":7}},"75":{"start":{"line":172,"column":0},"end":{"line":199,"column":2}},"76":{"start":{"line":173,"column":2},"end":{"line":198,"column":3}},"77":{"start":{"line":174,"column":19},"end":{"line":174,"column":29}},"78":{"start":{"line":175,"column":24},"end":{"line":175,"column":32}},"79":{"start":{"line":177,"column":25},"end":{"line":179,"column":6}},"80":{"start":{"line":181,"column":4},"end":{"line":185,"column":5}},"81":{"start":{"line":182,"column":6},"end":{"line":184,"column":62}},"82":{"start":{"line":187,"column":4},"end":{"line":191,"column":7}},"83":{"start":{"line":193,"column":4},"end":{"line":197,"column":7}},"84":{"start":{"line":202,"column":0},"end":{"line":226,"column":2}},"85":{"start":{"line":203,"column":2},"end":{"line":225,"column":3}},"86":{"start":{"line":204,"column":19},"end":{"line":204,"column":29}},"87":{"start":{"line":206,"column":25},"end":{"line":206,"column":58}},"88":{"start":{"line":208,"column":4},"end":{"line":212,"column":5}},"89":{"start":{"line":209,"column":6},"end":{"line":211,"column":62}},"90":{"start":{"line":214,"column":4},"end":{"line":218,"column":7}},"91":{"start":{"line":220,"column":4},"end":{"line":224,"column":7}},"92":{"start":{"line":229,"column":0},"end":{"line":242,"column":2}},"93":{"start":{"line":230,"column":2},"end":{"line":241,"column":3}},"94":{"start":{"line":231,"column":19},"end":{"line":231,"column":29}},"95":{"start":{"line":232,"column":20},"end":{"line":232,"column":28}},"96":{"start":{"line":233,"column":17},"end":{"line":233,"column":73}},"97":{"start":{"line":234,"column":4},"end":{"line":234,"column":56}},"98":{"start":{"line":236,"column":4},"end":{"line":240,"column":7}},"99":{"start":{"line":245,"column":0},"end":{"line":254,"column":2}},"100":{"start":{"line":246,"column":2},"end":{"line":253,"column":3}},"101":{"start":{"line":247,"column":18},"end":{"line":247,"column":35}},"102":{"start":{"line":248,"column":4},"end":{"line":248,"column":57}},"103":{"start":{"line":250,"column":4},"end":{"line":252,"column":77}},"104":{"start":{"line":257,"column":0},"end":{"line":278,"column":2}},"105":{"start":{"line":258,"column":2},"end":{"line":277,"column":3}},"106":{"start":{"line":259,"column":4},"end":{"line":259,"column":42}},"107":{"start":{"line":260,"column":19},"end":{"line":262,"column":47}},"108":{"start":{"line":263,"column":4},"end":{"line":263,"column":51}},"109":{"start":{"line":265,"column":23},"end":{"line":268,"column":5}},"110":{"start":{"line":266,"column":22},"end":{"line":266,"column":48}},"111":{"start":{"line":269,"column":4},"end":{"line":269,"column":54}},"112":{"start":{"line":271,"column":4},"end":{"line":271,"column":62}},"113":{"start":{"line":273,"column":4},"end":{"line":273,"column":69}},"114":{"start":{"line":274,"column":4},"end":{"line":276,"column":77}},"115":{"start":{"line":280,"column":0},"end":{"line":306,"column":2}},"116":{"start":{"line":281,"column":2},"end":{"line":305,"column":3}},"117":{"start":{"line":282,"column":25},"end":{"line":282,"column":35}},"118":{"start":{"line":283,"column":19},"end":{"line":286,"column":5}},"119":{"start":{"line":288,"column":4},"end":{"line":293,"column":5}},"120":{"start":{"line":289,"column":6},"end":{"line":292,"column":9}},"121":{"start":{"line":295,"column":4},"end":{"line":297,"column":76}},"122":{"start":{"line":299,"column":4},"end":{"line":299,"column":74}},"123":{"start":{"line":300,"column":4},"end":{"line":304,"column":7}},"124":{"start":{"line":308,"column":0},"end":{"line":334,"column":2}},"125":{"start":{"line":309,"column":2},"end":{"line":333,"column":3}},"126":{"start":{"line":310,"column":34},"end":{"line":310,"column":44}},"127":{"start":{"line":311,"column":19},"end":{"line":314,"column":5}},"128":{"start":{"line":316,"column":4},"end":{"line":321,"column":5}},"129":{"start":{"line":317,"column":6},"end":{"line":320,"column":9}},"130":{"start":{"line":323,"column":4},"end":{"line":325,"column":73}},"131":{"start":{"line":327,"column":4},"end":{"line":327,"column":73}},"132":{"start":{"line":328,"column":4},"end":{"line":332,"column":7}}},"fnMap":{"0":{"name":"(anonymous_0)","decl":{"start":{"line":4,"column":24},"end":{"line":4,"column":25}},"loc":{"start":{"line":4,"column":44},"end":{"line":17,"column":1}},"line":4},"1":{"name":"(anonymous_1)","decl":{"start":{"line":19,"column":21},"end":{"line":19,"column":22}},"loc":{"start":{"line":19,"column":41},"end":{"line":40,"column":1}},"line":19},"2":{"name":"(anonymous_2)","decl":{"start":{"line":43,"column":25},"end":{"line":43,"column":26}},"loc":{"start":{"line":43,"column":45},"end":{"line":58,"column":1}},"line":43},"3":{"name":"(anonymous_3)","decl":{"start":{"line":60,"column":21},"end":{"line":60,"column":22}},"loc":{"start":{"line":60,"column":41},"end":{"line":72,"column":1}},"line":60},"4":{"name":"(anonymous_4)","decl":{"start":{"line":86,"column":22},"end":{"line":86,"column":23}},"loc":{"start":{"line":86,"column":42},"end":{"line":108,"column":1}},"line":86},"5":{"name":"(anonymous_5)","decl":{"start":{"line":89,"column":43},"end":{"line":89,"column":44}},"loc":{"start":{"line":89,"column":53},"end":{"line":89,"column":73}},"line":89},"6":{"name":"(anonymous_6)","decl":{"start":{"line":92,"column":19},"end":{"line":92,"column":20}},"loc":{"start":{"line":92,"column":30},"end":{"line":97,"column":5}},"line":92},"7":{"name":"(anonymous_7)","decl":{"start":{"line":93,"column":26},"end":{"line":93,"column":27}},"loc":{"start":{"line":93,"column":36},"end":{"line":96,"column":7}},"line":93},"8":{"name":"(anonymous_8)","decl":{"start":{"line":94,"column":36},"end":{"line":94,"column":37}},"loc":{"start":{"line":94,"column":43},"end":{"line":94,"column":58}},"line":94},"9":{"name":"(anonymous_9)","decl":{"start":{"line":101,"column":37},"end":{"line":101,"column":38}},"loc":{"start":{"line":101,"column":47},"end":{"line":101,"column":63}},"line":101},"10":{"name":"(anonymous_10)","decl":{"start":{"line":110,"column":18},"end":{"line":110,"column":19}},"loc":{"start":{"line":110,"column":38},"end":{"line":122,"column":1}},"line":110},"11":{"name":"(anonymous_11)","decl":{"start":{"line":124,"column":21},"end":{"line":124,"column":22}},"loc":{"start":{"line":124,"column":41},"end":{"line":136,"column":1}},"line":124},"12":{"name":"(anonymous_12)","decl":{"start":{"line":128,"column":37},"end":{"line":128,"column":38}},"loc":{"start":{"line":128,"column":47},"end":{"line":128,"column":60}},"line":128},"13":{"name":"(anonymous_13)","decl":{"start":{"line":141,"column":23},"end":{"line":141,"column":24}},"loc":{"start":{"line":141,"column":43},"end":{"line":150,"column":1}},"line":141},"14":{"name":"(anonymous_14)","decl":{"start":{"line":153,"column":19},"end":{"line":153,"column":20}},"loc":{"start":{"line":153,"column":39},"end":{"line":169,"column":1}},"line":153},"15":{"name":"(anonymous_15)","decl":{"start":{"line":172,"column":22},"end":{"line":172,"column":23}},"loc":{"start":{"line":172,"column":42},"end":{"line":199,"column":1}},"line":172},"16":{"name":"(anonymous_16)","decl":{"start":{"line":202,"column":22},"end":{"line":202,"column":23}},"loc":{"start":{"line":202,"column":42},"end":{"line":226,"column":1}},"line":202},"17":{"name":"(anonymous_17)","decl":{"start":{"line":229,"column":28},"end":{"line":229,"column":29}},"loc":{"start":{"line":229,"column":48},"end":{"line":242,"column":1}},"line":229},"18":{"name":"(anonymous_18)","decl":{"start":{"line":245,"column":22},"end":{"line":245,"column":23}},"loc":{"start":{"line":245,"column":42},"end":{"line":254,"column":1}},"line":245},"19":{"name":"(anonymous_19)","decl":{"start":{"line":257,"column":24},"end":{"line":257,"column":25}},"loc":{"start":{"line":257,"column":44},"end":{"line":278,"column":1}},"line":257},"20":{"name":"(anonymous_20)","decl":{"start":{"line":266,"column":6},"end":{"line":266,"column":7}},"loc":{"start":{"line":266,"column":22},"end":{"line":266,"column":48}},"line":266},"21":{"name":"(anonymous_21)","decl":{"start":{"line":280,"column":23},"end":{"line":280,"column":24}},"loc":{"start":{"line":280,"column":43},"end":{"line":306,"column":1}},"line":280},"22":{"name":"(anonymous_22)","decl":{"start":{"line":308,"column":22},"end":{"line":308,"column":23}},"loc":{"start":{"line":308,"column":42},"end":{"line":334,"column":1}},"line":308}},"branchMap":{"0":{"loc":{"start":{"line":30,"column":4},"end":{"line":32,"column":5}},"type":"if","locations":[{"start":{"line":30,"column":4},"end":{"line":32,"column":5}},{"start":{},"end":{}}],"line":30},"1":{"loc":{"start":{"line":49,"column":4},"end":{"line":53,"column":5}},"type":"if","locations":[{"start":{"line":49,"column":4},"end":{"line":53,"column":5}},{"start":{},"end":{}}],"line":49},"2":{"loc":{"start":{"line":94,"column":21},"end":{"line":94,"column":71}},"type":"binary-expr","locations":[{"start":{"line":94,"column":21},"end":{"line":94,"column":65}},{"start":{"line":94,"column":69},"end":{"line":94,"column":71}}],"line":94},"3":{"loc":{"start":{"line":181,"column":4},"end":{"line":185,"column":5}},"type":"if","locations":[{"start":{"line":181,"column":4},"end":{"line":185,"column":5}},{"start":{},"end":{}}],"line":181},"4":{"loc":{"start":{"line":208,"column":4},"end":{"line":212,"column":5}},"type":"if","locations":[{"start":{"line":208,"column":4},"end":{"line":212,"column":5}},{"start":{},"end":{}}],"line":208},"5":{"loc":{"start":{"line":288,"column":4},"end":{"line":293,"column":5}},"type":"if","locations":[{"start":{"line":288,"column":4},"end":{"line":293,"column":5}},{"start":{},"end":{}}],"line":288},"6":{"loc":{"start":{"line":316,"column":4},"end":{"line":321,"column":5}},"type":"if","locations":[{"start":{"line":316,"column":4},"end":{"line":321,"column":5}},{"start":{},"end":{}}],"line":316}},"s":{"0":1,"1":1,"2":1,"3":1,"4":1,"5":1,"6":1,"7":0,"8":1,"9":1,"10":1,"11":1,"12":1,"13":1,"14":0,"15":1,"16":0,"17":1,"18":0,"19":0,"20":0,"21":0,"22":0,"23":0,"24":0,"25":0,"26":1,"27":1,"28":1,"29":1,"30":1,"31":0,"32":1,"33":1,"34":1,"35":1,"36":1,"37":1,"38":6,"39":1,"40":1,"41":2,"42":3,"43":2,"44":1,"45":8,"46":0,"47":1,"48":0,"49":0,"50":0,"51":0,"52":0,"53":0,"54":0,"55":1,"56":0,"57":0,"58":0,"59":0,"60":0,"61":0,"62":0,"63":0,"64":1,"65":0,"66":0,"67":0,"68":0,"69":1,"70":0,"71":0,"72":0,"73":0,"74":0,"75":1,"76":0,"77":0,"78":0,"79":0,"80":0,"81":0,"82":0,"83":0,"84":1,"85":0,"86":0,"87":0,"88":0,"89":0,"90":0,"91":0,"92":1,"93":0,"94":0,"95":0,"96":0,"97":0,"98":0,"99":1,"100":0,"101":0,"102":0,"103":0,"104":1,"105":0,"106":0,"107":0,"108":0,"109":0,"110":0,"111":0,"112":0,"113":0,"114":0,"115":1,"116":0,"117":0,"118":0,"119":0,"120":0,"121":0,"122":0,"123":0,"124":1,"125":0,"126":0,"127":0,"128":0,"129":0,"130":0,"131":0,"132":0},"f":{"0":1,"1":1,"2":0,"3":1,"4":1,"5":6,"6":1,"7":2,"8":3,"9":8,"10":0,"11":0,"12":0,"13":0,"14":0,"15":0,"16":0,"17":0,"18":0,"19":0,"20":0,"21":0,"22":0},"b":{"0":[0,1],"1":[0,0],"2":[2,2],"3":[0,0],"4":[0,0],"5":[0,0],"6":[0,0]},"_coverageSchema":"1a1c01bbd47fc00a2c39e90264f33305004495a9","hash":"80d70a10da0a5ed0a1ae09bf130009a47f4c26af"}
,"E:\\AtypikHouse-main\\api\\models\\Place.js": {"path":"E:\\AtypikHouse-main\\api\\models\\Place.js","statementMap":{"0":{"start":{"line":1,"column":17},"end":{"line":1,"column":36}},"1":{"start":{"line":3,"column":20},"end":{"line":7,"column":2}},"2":{"start":{"line":9,"column":21},"end":{"line":15,"column":2}},"3":{"start":{"line":17,"column":20},"end":{"line":64,"column":2}},"4":{"start":{"line":66,"column":14},"end":{"line":66,"column":50}},"5":{"start":{"line":68,"column":0},"end":{"line":68,"column":23}}},"fnMap":{},"branchMap":{},"s":{"0":1,"1":1,"2":1,"3":1,"4":1,"5":1},"f":{},"b":{},"_coverageSchema":"1a1c01bbd47fc00a2c39e90264f33305004495a9","hash":"6d3de33ae1d752eec2f493fe7a1bd2281593743f"}
,"E:\\AtypikHouse-main\\api\\models\\User.js": {"path":"E:\\AtypikHouse-main\\api\\models\\User.js","statementMap":{"0":{"start":{"line":1,"column":17},"end":{"line":1,"column":36}},"1":{"start":{"line":2,"column":15},"end":{"line":2,"column":34}},"2":{"start":{"line":3,"column":12},"end":{"line":3,"column":35}},"3":{"start":{"line":5,"column":19},"end":{"line":34,"column":2}},"4":{"start":{"line":37,"column":0},"end":{"line":39,"column":3}},"5":{"start":{"line":38,"column":2},"end":{"line":38,"column":55}},"6":{"start":{"line":42,"column":0},"end":{"line":46,"column":2}},"7":{"start":{"line":43,"column":2},"end":{"line":45,"column":5}},"8":{"start":{"line":49,"column":0},"end":{"line":51,"column":2}},"9":{"start":{"line":50,"column":2},"end":{"line":50,"column":63}},"10":{"start":{"line":53,"column":13},"end":{"line":53,"column":47}},"11":{"start":{"line":55,"column":0},"end":{"line":55,"column":22}}},"fnMap":{"0":{"name":"(anonymous_0)","decl":{"start":{"line":37,"column":23},"end":{"line":37,"column":24}},"loc":{"start":{"line":37,"column":45},"end":{"line":39,"column":1}},"line":37},"1":{"name":"(anonymous_1)","decl":{"start":{"line":42,"column":33},"end":{"line":42,"column":34}},"loc":{"start":{"line":42,"column":45},"end":{"line":46,"column":1}},"line":42},"2":{"name":"(anonymous_2)","decl":{"start":{"line":49,"column":41},"end":{"line":49,"column":42}},"loc":{"start":{"line":49,"column":75},"end":{"line":51,"column":1}},"line":49}},"branchMap":{},"s":{"0":1,"1":1,"2":1,"3":1,"4":1,"5":0,"6":1,"7":0,"8":1,"9":0,"10":1,"11":1},"f":{"0":0,"1":0,"2":0},"b":{},"_coverageSchema":"1a1c01bbd47fc00a2c39e90264f33305004495a9","hash":"1bb2aaa4caaa6dc221394503c4f09f285ebb4440"}
}
