TN:
SF:controllers\adminController.js
FN:21,(anonymous_0)
FN:61,(anonymous_1)
FN:85,(anonymous_2)
FN:102,(anonymous_3)
FN:128,(anonymous_4)
FN:131,(anonymous_5)
FN:134,(anonymous_6)
FN:135,(anonymous_7)
FN:136,(anonymous_8)
FN:143,(anonymous_9)
FN:152,(anonymous_10)
FN:166,(anonymous_11)
FN:170,(anonymous_12)
FN:183,(anonymous_13)
FN:195,(anonymous_14)
FN:214,(anonymous_15)
FN:244,(anonymous_16)
FN:271,(anonymous_17)
FN:287,(anonymous_18)
FN:299,(anonymous_19)
FN:308,(anonymous_20)
FN:322,(anonymous_21)
FN:350,(anonymous_22)
FNF:23
FNH:9
FNDA:1,(anonymous_0)
FNDA:1,(anonymous_1)
FNDA:0,(anonymous_2)
FNDA:1,(anonymous_3)
FNDA:1,(anonymous_4)
FNDA:6,(anonymous_5)
FNDA:1,(anonymous_6)
FNDA:2,(anonymous_7)
FNDA:3,(anonymous_8)
FNDA:8,(anonymous_9)
FNDA:0,(anonymous_10)
FNDA:0,(anonymous_11)
FNDA:0,(anonymous_12)
FNDA:0,(anonymous_13)
FNDA:0,(anonymous_14)
FNDA:0,(anonymous_15)
FNDA:0,(anonymous_16)
FNDA:0,(anonymous_17)
FNDA:0,(anonymous_18)
FNDA:0,(anonymous_19)
FNDA:0,(anonymous_20)
FNDA:0,(anonymous_21)
FNDA:0,(anonymous_22)
DA:1,1
DA:19,1
DA:21,1
DA:22,1
DA:23,1
DA:26,1
DA:27,0
DA:33,1
DA:34,1
DA:35,0
DA:41,1
DA:43,1
DA:49,1
DA:51,1
DA:53,0
DA:61,1
DA:62,1
DA:63,1
DA:64,1
DA:66,1
DA:72,1
DA:73,0
DA:76,1
DA:80,0
DA:85,1
DA:86,0
DA:87,0
DA:89,0
DA:90,0
DA:91,0
DA:92,0
DA:96,0
DA:98,0
DA:102,1
DA:103,1
DA:104,1
DA:105,1
DA:106,1
DA:108,0
DA:117,1
DA:119,1
DA:128,1
DA:129,1
DA:130,1
DA:131,6
DA:134,1
DA:135,1
DA:136,3
DA:137,2
DA:141,1
DA:143,8
DA:146,0
DA:152,1
DA:153,0
DA:154,0
DA:155,0
DA:156,0
DA:157,0
DA:158,0
DA:160,0
DA:166,1
DA:167,0
DA:168,0
DA:169,0
DA:170,0
DA:171,0
DA:172,0
DA:174,0
DA:183,1
DA:184,0
DA:185,0
DA:186,0
DA:188,0
DA:195,1
DA:196,0
DA:197,0
DA:198,0
DA:199,0
DA:205,0
DA:214,1
DA:215,0
DA:216,0
DA:217,0
DA:219,0
DA:223,0
DA:224,0
DA:229,0
DA:235,0
DA:244,1
DA:245,0
DA:246,0
DA:248,0
DA:250,0
DA:251,0
DA:256,0
DA:262,0
DA:271,1
DA:272,0
DA:273,0
DA:274,0
DA:275,0
DA:276,0
DA:278,0
DA:287,1
DA:288,0
DA:289,0
DA:290,0
DA:292,0
DA:299,1
DA:300,0
DA:301,0
DA:302,0
DA:305,0
DA:307,0
DA:308,0
DA:311,0
DA:313,0
DA:315,0
DA:316,0
DA:322,1
DA:323,0
DA:324,0
DA:325,0
DA:330,0
DA:331,0
DA:337,0
DA:341,0
DA:342,0
DA:350,1
DA:351,0
DA:352,0
DA:353,0
DA:358,0
DA:359,0
DA:365,0
DA:369,0
DA:370,0
LF:137
LH:48
BRDA:26,0,0,0
BRDA:26,0,1,1
BRDA:26,1,0,1
BRDA:26,1,1,1
BRDA:26,1,2,1
BRDA:34,2,0,0
BRDA:34,2,1,1
BRDA:72,3,0,0
BRDA:72,3,1,1
BRDA:91,4,0,0
BRDA:91,4,1,0
BRDA:136,5,0,2
BRDA:136,5,1,2
BRDA:223,6,0,0
BRDA:223,6,1,0
BRDA:250,7,0,0
BRDA:250,7,1,0
BRDA:330,8,0,0
BRDA:330,8,1,0
BRDA:358,9,0,0
BRDA:358,9,1,0
BRF:21
BRH:8
end_of_record
TN:
SF:controllers\bookingController.js
FN:4,(anonymous_0)
FN:33,(anonymous_1)
FNF:2
FNH:2
FNDA:2,(anonymous_0)
FNDA:2,(anonymous_1)
DA:1,1
DA:4,1
DA:5,2
DA:6,2
DA:8,2
DA:10,2
DA:21,1
DA:25,1
DA:33,1
DA:34,2
DA:35,2
DA:36,2
DA:37,0
DA:42,2
DA:44,1
DA:49,1
DA:50,1
LF:17
LH:16
BRDA:36,0,0,0
BRDA:36,0,1,2
BRF:2
BRH:1
end_of_record
TN:
SF:controllers\placeController.js
FN:4,(anonymous_0)
FN:42,(anonymous_1)
FN:55,(anonymous_2)
FN:99,(anonymous_3)
FN:113,(anonymous_4)
FN:133,(anonymous_5)
FN:155,(anonymous_6)
FN:173,(anonymous_7)
FN:204,(anonymous_8)
FNF:9
FNH:6
FNDA:1,(anonymous_0)
FNDA:1,(anonymous_1)
FNDA:1,(anonymous_2)
FNDA:1,(anonymous_3)
FNDA:1,(anonymous_4)
FNDA:1,(anonymous_5)
FNDA:0,(anonymous_6)
FNDA:0,(anonymous_7)
FNDA:0,(anonymous_8)
DA:1,1
DA:4,1
DA:5,1
DA:6,1
DA:17,1
DA:18,1
DA:30,1
DA:34,0
DA:42,1
DA:43,1
DA:44,1
DA:45,1
DA:46,1
DA:48,0
DA:55,1
DA:56,1
DA:57,1
DA:58,1
DA:70,1
DA:72,1
DA:73,1
DA:74,1
DA:85,1
DA:86,1
DA:91,0
DA:99,1
DA:100,1
DA:101,1
DA:102,1
DA:106,0
DA:113,1
DA:114,1
DA:115,1
DA:116,1
DA:117,1
DA:118,0
DA:122,1
DA:126,0
DA:133,1
DA:134,1
DA:135,1
DA:137,1
DA:139,1
DA:143,1
DA:145,0
DA:146,0
DA:155,1
DA:156,0
DA:157,0
DA:158,0
DA:161,0
DA:162,0
DA:166,0
DA:168,0
DA:173,1
DA:174,0
DA:175,0
DA:176,0
DA:178,0
DA:186,0
DA:187,0
DA:192,0
DA:193,0
DA:195,0
DA:204,1
DA:205,0
DA:206,0
DA:207,0
DA:209,0
DA:210,0
DA:211,0
DA:216,0
DA:222,0
DA:223,0
DA:226,0
DA:227,0
DA:229,0
DA:231,0
LF:78
LH:41
BRDA:73,0,0,1
BRDA:73,0,1,0
BRDA:117,1,0,0
BRDA:117,1,1,1
BRDA:137,2,0,0
BRDA:137,2,1,1
BRDA:161,3,0,0
BRDA:161,3,1,0
BRDA:161,4,0,0
BRDA:161,4,1,0
BRDA:186,5,0,0
BRDA:186,5,1,0
BRDA:210,6,0,0
BRDA:210,6,1,0
BRF:14
BRH:3
end_of_record
TN:
SF:controllers\userController.js
FN:7,(anonymous_0)
FN:43,(anonymous_1)
FN:82,(anonymous_2)
FN:118,(anonymous_3)
FN:134,(anonymous_4)
FN:168,(anonymous_5)
FN:178,(anonymous_6)
FNF:7
FNH:4
FNDA:1,(anonymous_0)
FNDA:1,(anonymous_1)
FNDA:0,(anonymous_2)
FNDA:1,(anonymous_3)
FNDA:0,(anonymous_4)
FNDA:0,(anonymous_5)
FNDA:1,(anonymous_6)
DA:1,1
DA:2,1
DA:3,1
DA:4,1
DA:7,1
DA:8,1
DA:9,1
DA:11,1
DA:12,0
DA:18,1
DA:20,1
DA:21,0
DA:26,1
DA:33,1
DA:35,0
DA:43,1
DA:44,1
DA:45,1
DA:48,1
DA:49,0
DA:54,1
DA:56,1
DA:57,0
DA:63,1
DA:65,1
DA:66,0
DA:72,1
DA:74,0
DA:82,1
DA:83,0
DA:84,0
DA:86,0
DA:87,0
DA:96,0
DA:99,0
DA:100,0
DA:108,0
DA:110,0
DA:118,1
DA:119,1
DA:120,1
DA:121,1
DA:124,1
DA:126,0
DA:134,1
DA:135,0
DA:136,0
DA:138,0
DA:140,0
DA:141,0
DA:151,0
DA:152,0
DA:153,0
DA:154,0
DA:155,0
DA:157,0
DA:158,0
DA:160,0
DA:161,0
DA:163,0
DA:168,1
DA:169,0
DA:170,0
DA:171,0
DA:173,0
DA:178,1
DA:179,1
DA:185,1
LF:68
LH:32
BRDA:11,0,0,0
BRDA:11,0,1,1
BRDA:11,1,0,1
BRDA:11,1,1,1
BRDA:11,1,2,1
BRDA:20,2,0,0
BRDA:20,2,1,1
BRDA:48,3,0,0
BRDA:48,3,1,1
BRDA:48,4,0,1
BRDA:48,4,1,1
BRDA:56,5,0,0
BRDA:56,5,1,1
BRDA:65,6,0,0
BRDA:65,6,1,1
BRDA:86,7,0,0
BRDA:86,7,1,0
BRDA:86,8,0,0
BRDA:86,8,1,0
BRDA:99,9,0,0
BRDA:99,9,1,0
BRDA:140,10,0,0
BRDA:140,10,1,0
BRDA:152,11,0,0
BRDA:152,11,1,0
BRDA:152,12,0,0
BRDA:152,12,1,0
BRDA:154,13,0,0
BRDA:154,13,1,0
BRDA:154,14,0,0
BRDA:154,14,1,0
BRF:31
BRH:10
end_of_record
TN:
SF:models\Booking.js
FNF:0
FNH:0
DA:1,1
DA:3,1
DA:36,1
DA:38,1
LF:4
LH:4
BRF:0
BRH:0
end_of_record
TN:
SF:models\Place.js
FNF:0
FNH:0
DA:1,2
DA:3,2
DA:9,2
DA:17,2
DA:67,2
DA:70,2
LF:6
LH:6
BRDA:67,0,0,2
BRDA:67,0,1,2
BRF:2
BRH:2
end_of_record
TN:
SF:models\User.js
FN:41,(anonymous_0)
FN:46,(anonymous_1)
FN:53,(anonymous_2)
FNF:3
FNH:0
FNDA:0,(anonymous_0)
FNDA:0,(anonymous_1)
FNDA:0,(anonymous_2)
DA:1,4
DA:2,4
DA:3,4
DA:5,4
DA:41,4
DA:42,0
DA:46,4
DA:47,0
DA:53,4
DA:54,0
DA:57,4
DA:59,4
LF:12
LH:9
BRF:0
BRH:0
end_of_record
TN:
SF:utils\cookieToken.js
FN:1,(anonymous_0)
FNF:1
FNH:0
FNDA:0,(anonymous_0)
DA:1,1
DA:2,0
DA:4,0
DA:14,0
DA:15,0
DA:22,1
LF:6
LH:2
BRF:0
BRH:0
end_of_record
