TN:
SF:controllers\adminController.js
FN:4,(anonymous_0)
FN:19,(anonymous_1)
FN:43,(anonymous_2)
FN:60,(anonymous_3)
FN:86,(anonymous_4)
FN:89,(anonymous_5)
FN:92,(anonymous_6)
FN:93,(anonymous_7)
FN:94,(anonymous_8)
FN:101,(anonymous_9)
FN:110,(anonymous_10)
FN:124,(anonymous_11)
FN:128,(anonymous_12)
FN:141,(anonymous_13)
FN:153,(anonymous_14)
FN:172,(anonymous_15)
FN:202,(anonymous_16)
FN:229,(anonymous_17)
FN:245,(anonymous_18)
FN:257,(anonymous_19)
FN:266,(anonymous_20)
FN:280,(anonymous_21)
FN:308,(anonymous_22)
FNF:23
FNH:9
FNDA:1,(anonymous_0)
FNDA:1,(anonymous_1)
FNDA:0,(anonymous_2)
FNDA:1,(anonymous_3)
FNDA:1,(anonymous_4)
FNDA:6,(anonymous_5)
FNDA:1,(anonymous_6)
FNDA:2,(anonymous_7)
FNDA:3,(anonymous_8)
FNDA:8,(anonymous_9)
FNDA:0,(anonymous_10)
FNDA:0,(anonymous_11)
FNDA:0,(anonymous_12)
FNDA:0,(anonymous_13)
FNDA:0,(anonymous_14)
FNDA:0,(anonymous_15)
FNDA:0,(anonymous_16)
FNDA:0,(anonymous_17)
FNDA:0,(anonymous_18)
FNDA:0,(anonymous_19)
FNDA:0,(anonymous_20)
FNDA:0,(anonymous_21)
FNDA:0,(anonymous_22)
DA:1,1
DA:4,1
DA:5,1
DA:6,1
DA:7,1
DA:8,1
DA:9,1
DA:11,0
DA:19,1
DA:20,1
DA:21,1
DA:22,1
DA:24,1
DA:30,1
DA:31,0
DA:34,1
DA:38,0
DA:43,1
DA:44,0
DA:45,0
DA:47,0
DA:48,0
DA:49,0
DA:50,0
DA:54,0
DA:56,0
DA:60,1
DA:61,1
DA:62,1
DA:63,1
DA:64,1
DA:66,0
DA:75,1
DA:77,1
DA:86,1
DA:87,1
DA:88,1
DA:89,6
DA:92,1
DA:93,1
DA:94,3
DA:95,2
DA:99,1
DA:101,8
DA:104,0
DA:110,1
DA:111,0
DA:112,0
DA:113,0
DA:114,0
DA:115,0
DA:116,0
DA:118,0
DA:124,1
DA:125,0
DA:126,0
DA:127,0
DA:128,0
DA:129,0
DA:130,0
DA:132,0
DA:141,1
DA:142,0
DA:143,0
DA:144,0
DA:146,0
DA:153,1
DA:154,0
DA:155,0
DA:156,0
DA:157,0
DA:163,0
DA:172,1
DA:173,0
DA:174,0
DA:175,0
DA:177,0
DA:181,0
DA:182,0
DA:187,0
DA:193,0
DA:202,1
DA:203,0
DA:204,0
DA:206,0
DA:208,0
DA:209,0
DA:214,0
DA:220,0
DA:229,1
DA:230,0
DA:231,0
DA:232,0
DA:233,0
DA:234,0
DA:236,0
DA:245,1
DA:246,0
DA:247,0
DA:248,0
DA:250,0
DA:257,1
DA:258,0
DA:259,0
DA:260,0
DA:263,0
DA:265,0
DA:266,0
DA:269,0
DA:271,0
DA:273,0
DA:274,0
DA:280,1
DA:281,0
DA:282,0
DA:283,0
DA:288,0
DA:289,0
DA:295,0
DA:299,0
DA:300,0
DA:308,1
DA:309,0
DA:310,0
DA:311,0
DA:316,0
DA:317,0
DA:323,0
DA:327,0
DA:328,0
LF:130
LH:43
BRDA:30,0,0,0
BRDA:30,0,1,1
BRDA:49,1,0,0
BRDA:49,1,1,0
BRDA:94,2,0,2
BRDA:94,2,1,2
BRDA:181,3,0,0
BRDA:181,3,1,0
BRDA:208,4,0,0
BRDA:208,4,1,0
BRDA:288,5,0,0
BRDA:288,5,1,0
BRDA:316,6,0,0
BRDA:316,6,1,0
BRF:14
BRH:3
end_of_record
TN:
SF:controllers\bookingController.js
FN:4,(anonymous_0)
FN:33,(anonymous_1)
FNF:2
FNH:2
FNDA:2,(anonymous_0)
FNDA:2,(anonymous_1)
DA:1,1
DA:4,1
DA:5,2
DA:6,2
DA:8,2
DA:10,2
DA:21,1
DA:25,1
DA:33,1
DA:34,2
DA:35,2
DA:36,2
DA:37,0
DA:42,2
DA:44,1
DA:49,1
DA:50,1
LF:17
LH:16
BRDA:36,0,0,0
BRDA:36,0,1,2
BRF:2
BRH:1
end_of_record
TN:
SF:controllers\placeController.js
FN:4,(anonymous_0)
FN:42,(anonymous_1)
FN:55,(anonymous_2)
FN:99,(anonymous_3)
FN:113,(anonymous_4)
FN:133,(anonymous_5)
FN:155,(anonymous_6)
FN:173,(anonymous_7)
FN:204,(anonymous_8)
FNF:9
FNH:6
FNDA:1,(anonymous_0)
FNDA:1,(anonymous_1)
FNDA:1,(anonymous_2)
FNDA:1,(anonymous_3)
FNDA:1,(anonymous_4)
FNDA:1,(anonymous_5)
FNDA:0,(anonymous_6)
FNDA:0,(anonymous_7)
FNDA:0,(anonymous_8)
DA:1,1
DA:4,1
DA:5,1
DA:6,1
DA:17,1
DA:18,1
DA:30,1
DA:34,0
DA:42,1
DA:43,1
DA:44,1
DA:45,1
DA:46,1
DA:48,0
DA:55,1
DA:56,1
DA:57,1
DA:58,1
DA:70,1
DA:72,1
DA:73,1
DA:74,1
DA:85,1
DA:86,1
DA:91,0
DA:99,1
DA:100,1
DA:101,1
DA:102,1
DA:106,0
DA:113,1
DA:114,1
DA:115,1
DA:116,1
DA:117,1
DA:118,0
DA:122,1
DA:126,0
DA:133,1
DA:134,1
DA:135,1
DA:137,1
DA:139,1
DA:143,1
DA:145,0
DA:146,0
DA:155,1
DA:156,0
DA:157,0
DA:158,0
DA:161,0
DA:162,0
DA:166,0
DA:168,0
DA:173,1
DA:174,0
DA:175,0
DA:176,0
DA:178,0
DA:186,0
DA:187,0
DA:192,0
DA:193,0
DA:195,0
DA:204,1
DA:205,0
DA:206,0
DA:207,0
DA:209,0
DA:210,0
DA:211,0
DA:216,0
DA:222,0
DA:223,0
DA:226,0
DA:227,0
DA:229,0
DA:231,0
LF:78
LH:41
BRDA:73,0,0,1
BRDA:73,0,1,0
BRDA:117,1,0,0
BRDA:117,1,1,1
BRDA:137,2,0,0
BRDA:137,2,1,1
BRDA:161,3,0,0
BRDA:161,3,1,0
BRDA:161,4,0,0
BRDA:161,4,1,0
BRDA:186,5,0,0
BRDA:186,5,1,0
BRDA:210,6,0,0
BRDA:210,6,1,0
BRF:14
BRH:3
end_of_record
TN:
SF:controllers\userController.js
FN:7,(anonymous_0)
FN:43,(anonymous_1)
FN:82,(anonymous_2)
FN:118,(anonymous_3)
FN:134,(anonymous_4)
FN:168,(anonymous_5)
FN:178,(anonymous_6)
FNF:7
FNH:4
FNDA:1,(anonymous_0)
FNDA:1,(anonymous_1)
FNDA:0,(anonymous_2)
FNDA:1,(anonymous_3)
FNDA:0,(anonymous_4)
FNDA:0,(anonymous_5)
FNDA:1,(anonymous_6)
DA:1,1
DA:2,1
DA:3,1
DA:4,1
DA:7,1
DA:8,1
DA:9,1
DA:11,1
DA:12,0
DA:18,1
DA:20,1
DA:21,0
DA:26,1
DA:33,1
DA:35,0
DA:43,1
DA:44,1
DA:45,1
DA:48,1
DA:49,0
DA:54,1
DA:56,1
DA:57,0
DA:63,1
DA:65,1
DA:66,0
DA:72,1
DA:74,0
DA:82,1
DA:83,0
DA:84,0
DA:86,0
DA:87,0
DA:96,0
DA:99,0
DA:100,0
DA:108,0
DA:110,0
DA:118,1
DA:119,1
DA:120,1
DA:121,1
DA:124,1
DA:126,0
DA:134,1
DA:135,0
DA:136,0
DA:138,0
DA:140,0
DA:141,0
DA:151,0
DA:152,0
DA:153,0
DA:154,0
DA:155,0
DA:157,0
DA:158,0
DA:160,0
DA:161,0
DA:163,0
DA:168,1
DA:169,0
DA:170,0
DA:171,0
DA:173,0
DA:178,1
DA:179,1
DA:185,1
LF:68
LH:32
BRDA:11,0,0,0
BRDA:11,0,1,1
BRDA:11,1,0,1
BRDA:11,1,1,1
BRDA:11,1,2,1
BRDA:20,2,0,0
BRDA:20,2,1,1
BRDA:48,3,0,0
BRDA:48,3,1,1
BRDA:48,4,0,1
BRDA:48,4,1,1
BRDA:56,5,0,0
BRDA:56,5,1,1
BRDA:65,6,0,0
BRDA:65,6,1,1
BRDA:86,7,0,0
BRDA:86,7,1,0
BRDA:86,8,0,0
BRDA:86,8,1,0
BRDA:99,9,0,0
BRDA:99,9,1,0
BRDA:140,10,0,0
BRDA:140,10,1,0
BRDA:152,11,0,0
BRDA:152,11,1,0
BRDA:152,12,0,0
BRDA:152,12,1,0
BRDA:154,13,0,0
BRDA:154,13,1,0
BRDA:154,14,0,0
BRDA:154,14,1,0
BRF:31
BRH:10
end_of_record
TN:
SF:models\Booking.js
FNF:0
FNH:0
DA:1,1
DA:3,1
DA:36,1
DA:38,1
LF:4
LH:4
BRF:0
BRH:0
end_of_record
TN:
SF:models\Place.js
FNF:0
FNH:0
DA:1,2
DA:3,2
DA:9,2
DA:17,2
DA:66,2
DA:68,2
LF:6
LH:6
BRF:0
BRH:0
end_of_record
TN:
SF:models\User.js
FN:37,(anonymous_0)
FN:42,(anonymous_1)
FN:49,(anonymous_2)
FNF:3
FNH:0
FNDA:0,(anonymous_0)
FNDA:0,(anonymous_1)
FNDA:0,(anonymous_2)
DA:1,4
DA:2,4
DA:3,4
DA:5,4
DA:37,4
DA:38,0
DA:42,4
DA:43,0
DA:49,4
DA:50,0
DA:53,4
DA:55,4
LF:12
LH:9
BRF:0
BRH:0
end_of_record
TN:
SF:utils\cookieToken.js
FN:1,(anonymous_0)
FNF:1
FNH:0
FNDA:0,(anonymous_0)
DA:1,1
DA:2,0
DA:4,0
DA:14,0
DA:15,0
DA:22,1
LF:6
LH:2
BRF:0
BRH:0
end_of_record
